#
# There is insufficient memory for the Java Runtime Environment to continue.
# Native memory allocation (malloc) failed to allocate 1048576 bytes for AllocateHeap
# Possible reasons:
#   The system is out of physical RAM or swap space
#   The process is running with CompressedOops enabled, and the Java Heap may be blocking the growth of the native heap
# Possible solutions:
#   Reduce memory load on the system
#   Increase physical memory or swap space
#   Check if swap backing store is full
#   Decrease Java heap size (-Xmx/-Xms)
#   Decrease number of Java threads
#   Decrease Java thread stack sizes (-Xss)
#   Set larger code cache with -XX:ReservedCodeCacheSize=
#   JVM is running with Unscaled Compressed Oops mode in which the Java heap is
#     placed in the first 4GB address space. The Java Heap base address is the
#     maximum limit for the native heap growth. Please use -XX:HeapBaseMinAddress
#     to set the Java Heap base and to place the Java Heap above 4GB virtual address.
# This output file may be truncated or incomplete.
#
#  Out of Memory Error (memory/allocation.inline.hpp:61), pid=26764, tid=0x000000000000675c
#
# JRE version:  (8.0_242-b01) (build )
# Java VM: OpenJDK 64-Bit Server VM (25.242-b01 mixed mode windows-amd64 compressed oops)
# Failed to write core dump. Minidumps are not enabled by default on client versions of Windows
#

---------------  T H R E A D  ---------------

Current thread (0x0000000002c14000):  JavaThread "Unknown thread" [_thread_in_vm, id=26460, stack(0x0000000002790000,0x0000000002890000)]

Stack: [0x0000000002790000,0x0000000002890000]
[error occurred during error reporting (printing stack bounds), id 0xc0000005]

Native frames: (J=compiled Java code, j=interpreted, Vv=VM code, C=native code)


---------------  P R O C E S S  ---------------

Java Threads: ( => current thread )

Other Threads:

=>0x0000000002c14000 (exited) JavaThread "Unknown thread" [_thread_in_vm, id=26460, stack(0x0000000002790000,0x0000000002890000)]

VM state:not at safepoint (normal execution)

VM Mutex/Monitor currently owned by a thread: None

heap address: 0x00000000fc000000, size: 64 MB, Compressed Oops mode: 32-bit
Narrow klass base: 0x0000000000000000, Narrow klass shift: 3
Compressed class space size: 1073741824 Address: 0x0000000100000000

Heap:
 PSYoungGen      total 18944K, used 327K [0x00000000feb00000, 0x0000000100000000, 0x0000000100000000)
  eden space 16384K, 2% used [0x00000000feb00000,0x00000000feb51ec8,0x00000000ffb00000)
  from space 2560K, 0% used [0x00000000ffd80000,0x00000000ffd80000,0x0000000100000000)
  to   space 2560K, 0% used [0x00000000ffb00000,0x00000000ffb00000,0x00000000ffd80000)
 ParOldGen       total 44032K, used 0K [0x00000000fc000000, 0x00000000feb00000, 0x00000000feb00000)
  object space 44032K, 0% used [0x00000000fc000000,0x00000000fc000000,0x00000000feb00000)
 Metaspace       used 779K, capacity 4480K, committed 4480K, reserved 1056768K
  class space    used 74K, capacity 384K, committed 384K, reserved 1048576K

Card table byte_map: [0x00000000026f0000,0x0000000002720000] byte_map_base: 0x0000000001f10000

Marking Bits: (ParMarkBitMap*) 0x000000006f58f030
 Begin Bits: [0x00000000124d0000, 0x00000000125d0000)
 End Bits:   [0x00000000125d0000, 0x00000000126d0000)

Polling page: 0x0000000000cd0000

CodeCache: size=245760Kb used=328Kb max_used=328Kb free=245431Kb
 bounds [0x0000000002d10000, 0x0000000002f80000, 0x0000000011d10000]
 total_blobs=57 nmethods=0 adapters=38
 compilation: enabled

Compilation events (0 events):
No events

GC Heap History (0 events):
No events

Deoptimization events (0 events):
No events

Classes redefined (0 events):
No events

Internal exceptions (0 events):
No events

Events (10 events):
Event: 0.097 loading class java/lang/Short
Event: 0.097 loading class java/lang/Short done
Event: 0.097 loading class java/lang/Integer
Event: 0.097 loading class java/lang/Integer done
Event: 0.097 loading class java/lang/Long
Event: 0.097 loading class java/lang/Long done
Event: 0.099 loading class java/lang/NullPointerException
Event: 0.099 loading class java/lang/NullPointerException done
Event: 0.099 loading class java/lang/ArithmeticException
Event: 0.099 loading class java/lang/ArithmeticException done


Dynamic libraries:
0x00007ff679b40000 - 0x00007ff679b71000 	D:\ciel\tools\android studio\jre\bin\java.exe
0x00007ffd7ca40000 - 0x00007ffd7cc30000 	C:\WINDOWS\SYSTEM32\ntdll.dll
0x00007ffd7c8a0000 - 0x00007ffd7c952000 	C:\WINDOWS\System32\KERNEL32.DLL
0x00007ffd7a220000 - 0x00007ffd7a4c5000 	C:\WINDOWS\System32\KERNELBASE.dll
0x00007ffd7c400000 - 0x00007ffd7c4a3000 	C:\WINDOWS\System32\ADVAPI32.dll
0x00007ffd7c960000 - 0x00007ffd7c9fe000 	C:\WINDOWS\System32\msvcrt.dll
0x00007ffd7aaf0000 - 0x00007ffd7ab87000 	C:\WINDOWS\System32\sechost.dll
0x00007ffd7b8f0000 - 0x00007ffd7ba10000 	C:\WINDOWS\System32\RPCRT4.dll
0x00007ffd7c510000 - 0x00007ffd7c6a4000 	C:\WINDOWS\System32\USER32.dll
0x00007ffd7a5d0000 - 0x00007ffd7a5f1000 	C:\WINDOWS\System32\win32u.dll
0x00007ffd7ba90000 - 0x00007ffd7bab6000 	C:\WINDOWS\System32\GDI32.dll
0x00007ffd7a950000 - 0x00007ffd7aae6000 	C:\WINDOWS\System32\gdi32full.dll
0x00007ffd7a600000 - 0x00007ffd7a69e000 	C:\WINDOWS\System32\msvcp_win.dll
0x00007ffd7a700000 - 0x00007ffd7a7fa000 	C:\WINDOWS\System32\ucrtbase.dll
0x00007ffd64600000 - 0x00007ffd64884000 	C:\WINDOWS\WinSxS\amd64_microsoft.windows.common-controls_6595b64144ccf1df_6.0.18362.1198_none_9e820b57e45ad92f\COMCTL32.dll
0x00007ffd7ae10000 - 0x00007ffd7b145000 	C:\WINDOWS\System32\combase.dll
0x00007ffd79a10000 - 0x00007ffd79a90000 	C:\WINDOWS\System32\bcryptPrimitives.dll
0x00007ffd7c730000 - 0x00007ffd7c75e000 	C:\WINDOWS\System32\IMM32.DLL
0x000000006dcb0000 - 0x000000006dd82000 	D:\ciel\tools\android studio\jre\jre\bin\msvcr100.dll
0x000000006edc0000 - 0x000000006f60b000 	D:\ciel\tools\android studio\jre\jre\bin\server\jvm.dll
0x00007ffd7acc0000 - 0x00007ffd7acc8000 	C:\WINDOWS\System32\PSAPI.DLL
0x00007ffd60800000 - 0x00007ffd60809000 	C:\WINDOWS\SYSTEM32\WSOCK32.dll
0x00007ffd7ba20000 - 0x00007ffd7ba8f000 	C:\WINDOWS\System32\WS2_32.dll
0x00007ffd775c0000 - 0x00007ffd775e4000 	C:\WINDOWS\SYSTEM32\WINMM.dll
0x00007ffd78410000 - 0x00007ffd7841a000 	C:\WINDOWS\SYSTEM32\VERSION.dll
0x00007ffd77480000 - 0x00007ffd774ad000 	C:\WINDOWS\SYSTEM32\WINMMBASE.dll
0x00007ffd7a4d0000 - 0x00007ffd7a51a000 	C:\WINDOWS\System32\cfgmgr32.dll
0x00007ffd5feb0000 - 0x00007ffd5febf000 	D:\ciel\tools\android studio\jre\jre\bin\verify.dll
0x00007ffd53010000 - 0x00007ffd53039000 	D:\ciel\tools\android studio\jre\jre\bin\java.dll
0x00007ffd53e80000 - 0x00007ffd53e96000 	D:\ciel\tools\android studio\jre\jre\bin\zip.dll

VM Arguments:
jvm_args: -Djava.awt.headless=true -Xmx64M -Dfile.encoding=UTF-8 -Duser.country=CN -Duser.language=zh -Duser.variant 
java_command: com.google.devtools.build.android.desugar.Desugar --input D:\ciel\workspace\demo\urtc-android-demo\urtcandroiddemo\app\build\intermediates\tmp\desugar_changed2318295318965523855 --output D:\ciel\workspace\demo\urtc-android-demo\urtcandroiddemo\app\build\intermediates\transforms\desugar\debug\1 --classpath_entry D:\ciel\workspace\demo\urtc-android-demo\urtcandroiddemo\urtc-sdk-android\build\intermediates\intermediate-jars\debug\classes.jar --classpath_entry D:\ciel\workspace\demo\urtc-android-demo\urtcandroiddemo\app\build\intermediates\classes\debug --classpath_entry D:\ciel\workspace\demo\urtc-android-demo\urtcandroiddemo\app\build\intermediates\transforms\stackFramesFixer\debug\24.jar --classpath_entry D:\ciel\workspace\demo\urtc-android-demo\urtcandroiddemo\app\build\intermediates\transforms\stackFramesFixer\debug\16.jar --classpath_entry D:\ciel\workspace\demo\urtc-android-demo\urtcandroiddemo\app\build\intermediates\transforms\stackFramesFixer\debug\11.jar --classpath_entry D:\ciel\workspace\demo\urtc-android-demo\urtcandroiddemo\app\build\intermediates\transforms\stackFramesFixer\debug\1.jar --classpath_entry D:\ciel\workspace\demo\urtc-android-demo\urtcandroiddemo\app\build\intermediates\transforms\stackFramesFixer\debug\25.jar --classpath_entry D:\ciel\workspace\demo\urtc-android-demo\urtcandroiddemo\app\build\intermediates\transforms\stackFramesFixer\debug\7.jar --classpath_entry D:\ciel\workspace\demo\urtc-android-demo\urtcandroiddemo\app\build\intermediates\transforms\stackFramesFixer\debug\8.jar --classpath_entry D:\ciel\workspace\demo\urtc-android-demo\urtcandroiddemo\app\build\intermediates\transforms\stackFramesFixer\debug\3.jar --classpath_entry D:\ciel\workspace\demo\urtc-android-demo\urtcandroiddemo\app\build\intermediates\transforms\stackFramesFixer\debug\12.jar --classpath_entry D:\ciel\workspace\demo\urtc-android-demo\urtcandroiddemo\app\build\intermediates\transforms\stackFramesFixer\debug\15.jar --classpath_entry D:\ciel\worksp
java_class_path (initial): C:\Users\usser\AppData\Local\Temp\desugar_deploy.jar6747085179489979374
Launcher Type: SUN_STANDARD

Environment Variables:
JAVA_HOME=D:\ciel\tools\android studio\jre
CLASSPATH=.;D:\ciel\tools\android studio\jre\lib\dt.jar;D:\ciel\tools\android studio\jre\lib\tools.jar;
PATH=C:\Program Files (x86)\NetSarang\Xshell 6\;C:\WINDOWS\system32;C:\WINDOWS;C:\WINDOWS\System32\Wbem;C:\WINDOWS\System32\WindowsPowerShell\v1.0\;C:\WINDOWS\System32\OpenSSH\;D:\ciel\tools\Git\cmd;D:\ciel\tools\androidsdk\platform-tools;D:\ciel\tools\androidsdk\tools???????;C:\Program Files\TortoiseGit\bin;D:\ciel\tools\android studio\jre\bin;D:\ciel\tools\android studio\jre\jre\bin;D:\ciel\tools\flutter\bin;D:\ciel\tools\node\;C:\Program Files\IDM Computer Solutions\UltraCompare;C:\Users\usser\AppData\Local\Microsoft\WindowsApps;D:\ciel\tools\Microsoft VS Code\bin;D:\ciel\tools\Microsoft VS Code Insiders\bin;D:\ciel\tools\Fiddler;D:\ciel\tools\CLion 2019.2\bin;;D:\ciel\tools\node\node_global;;C:\Users\usser\AppData\Local\Microsoft\WindowsApps
USERNAME=usser
OS=Windows_NT
PROCESSOR_IDENTIFIER=Intel64 Family 6 Model 61 Stepping 4, GenuineIntel



---------------  S Y S T E M  ---------------

OS: Windows 10.0 , 64 bit Build 18362 (10.0.18362.1110)

CPU:total 4 (initial active 4) (2 cores per cpu, 2 threads per core) family 6 model 61 stepping 4, cmov, cx8, fxsr, mmx, sse, sse2, sse3, ssse3, sse4.1, sse4.2, popcnt, avx, avx2, aes, clmul, erms, rtm, 3dnowpref, lzcnt, ht, tsc, tscinvbit, bmi1, bmi2, adx

Memory: 4k page, physical 8077548k(491620k free), swap 19918700k(4680k free)

vm_info: OpenJDK 64-Bit Server VM (25.242-b01) for windows-amd64 JRE (1.8.0_242-release-1644-b01), built by "builder" with MS VC++ 10.0 (VS2010)

time: Thu Dec 17 16:16:36 2020
timezone: 中国标准时间
elapsed time: 0 seconds (0d 0h 0m 0s)

